{"$message_type":"diagnostic","message":"linking with `cc` failed: exit status: 1","code":null,"level":"error","spans":[],"children":[{"message":"LC_ALL=\"C\" PATH=\"/home/thiago/.rustup/toolchains/stable-x86_64-unknown-linux-gnu/lib/rustlib/x86_64-unknown-linux-gnu/bin:/home/thiago/.cargo/bin:/usr/local/sbin:/usr/local/bin:/usr/sbin:/usr/bin:/sbin:/bin:/usr/games:/usr/local/games:/snap/bin\" VSLANG=\"1033\" \"cc\" \"-m64\" \"/tmp/rustcoLFgRM/symbols.o\" \"/home/thiago/Repositorio/IPPD/teste/target/debug/build/proc-macro2-3954bfbfa9442c2d/build_script_build-3954bfbfa9442c2d.build_script_build.fa25430e9c0eff50-cgu.0.rcgu.o\" \"/home/thiago/Repositorio/IPPD/teste/target/debug/build/proc-macro2-3954bfbfa9442c2d/build_script_build-3954bfbfa9442c2d.build_script_build.fa25430e9c0eff50-cgu.1.rcgu.o\" \"/home/thiago/Repositorio/IPPD/teste/target/debug/build/proc-macro2-3954bfbfa9442c2d/build_script_build-3954bfbfa9442c2d.4bci7cy5mdw6cesp.rcgu.o\" \"-Wl,--as-needed\" \"-L\" \"/home/thiago/Repositorio/IPPD/teste/target/debug/deps\" \"-L\" \"/home/thiago/.rustup/toolchains/stable-x86_64-unknown-linux-gnu/lib/rustlib/x86_64-unknown-linux-gnu/lib\" \"-Wl,-Bstatic\" \"/home/thiago/.rustup/toolchains/stable-x86_64-unknown-linux-gnu/lib/rustlib/x86_64-unknown-linux-gnu/lib/libstd-d5189b81a4fa4d36.rlib\" \"/home/thiago/.rustup/toolchains/stable-x86_64-unknown-linux-gnu/lib/rustlib/x86_64-unknown-linux-gnu/lib/libpanic_unwind-6a4779412a873200.rlib\" \"/home/thiago/.rustup/toolchains/stable-x86_64-unknown-linux-gnu/lib/rustlib/x86_64-unknown-linux-gnu/lib/libobject-c88c426dd6780435.rlib\" \"/home/thiago/.rustup/toolchains/stable-x86_64-unknown-linux-gnu/lib/rustlib/x86_64-unknown-linux-gnu/lib/libmemchr-e74540b31113a555.rlib\" \"/home/thiago/.rustup/toolchains/stable-x86_64-unknown-linux-gnu/lib/rustlib/x86_64-unknown-linux-gnu/lib/libaddr2line-8751b61bd13c15cf.rlib\" \"/home/thiago/.rustup/toolchains/stable-x86_64-unknown-linux-gnu/lib/rustlib/x86_64-unknown-linux-gnu/lib/libgimli-a8b99dba9f449259.rlib\" \"/home/thiago/.rustup/toolchains/stable-x86_64-unknown-linux-gnu/lib/rustlib/x86_64-unknown-linux-gnu/lib/librustc_demangle-f0068d76172a0372.rlib\" \"/home/thiago/.rustup/toolchains/stable-x86_64-unknown-linux-gnu/lib/rustlib/x86_64-unknown-linux-gnu/lib/libstd_detect-c16dfaf47799564e.rlib\" \"/home/thiago/.rustup/toolchains/stable-x86_64-unknown-linux-gnu/lib/rustlib/x86_64-unknown-linux-gnu/lib/libhashbrown-bfa26dd63e299db5.rlib\" \"/home/thiago/.rustup/toolchains/stable-x86_64-unknown-linux-gnu/lib/rustlib/x86_64-unknown-linux-gnu/lib/librustc_std_workspace_alloc-75a2330a693e738f.rlib\" \"/home/thiago/.rustup/toolchains/stable-x86_64-unknown-linux-gnu/lib/rustlib/x86_64-unknown-linux-gnu/lib/libminiz_oxide-76779dce1f7ab63d.rlib\" \"/home/thiago/.rustup/toolchains/stable-x86_64-unknown-linux-gnu/lib/rustlib/x86_64-unknown-linux-gnu/lib/libadler-01c5cc588623cb35.rlib\" \"/home/thiago/.rustup/toolchains/stable-x86_64-unknown-linux-gnu/lib/rustlib/x86_64-unknown-linux-gnu/lib/libunwind-07bb9745ec737292.rlib\" \"/home/thiago/.rustup/toolchains/stable-x86_64-unknown-linux-gnu/lib/rustlib/x86_64-unknown-linux-gnu/lib/libcfg_if-6eacdcc91004cefb.rlib\" \"/home/thiago/.rustup/toolchains/stable-x86_64-unknown-linux-gnu/lib/rustlib/x86_64-unknown-linux-gnu/lib/liblibc-ae2488b58226c836.rlib\" \"/home/thiago/.rustup/toolchains/stable-x86_64-unknown-linux-gnu/lib/rustlib/x86_64-unknown-linux-gnu/lib/liballoc-52acaddcaaba04c6.rlib\" \"/home/thiago/.rustup/toolchains/stable-x86_64-unknown-linux-gnu/lib/rustlib/x86_64-unknown-linux-gnu/lib/librustc_std_workspace_core-326b78eac9ecd050.rlib\" \"/home/thiago/.rustup/toolchains/stable-x86_64-unknown-linux-gnu/lib/rustlib/x86_64-unknown-linux-gnu/lib/libcore-307ebf19f0f13d30.rlib\" \"/home/thiago/.rustup/toolchains/stable-x86_64-unknown-linux-gnu/lib/rustlib/x86_64-unknown-linux-gnu/lib/libcompiler_builtins-d9076ee5964191bf.rlib\" \"-Wl,-Bdynamic\" \"-lgcc_s\" \"-lutil\" \"-lrt\" \"-lpthread\" \"-lm\" \"-ldl\" \"-lc\" \"-Wl,--eh-frame-hdr\" \"-Wl,-z,noexecstack\" \"-L\" \"/home/thiago/.rustup/toolchains/stable-x86_64-unknown-linux-gnu/lib/rustlib/x86_64-unknown-linux-gnu/lib\" \"-o\" \"/home/thiago/Repositorio/IPPD/teste/target/debug/build/proc-macro2-3954bfbfa9442c2d/build_script_build-3954bfbfa9442c2d\" \"-Wl,--gc-sections\" \"-pie\" \"-Wl,-z,relro,-z,now\" \"-nodefaultlibs\"","code":null,"level":"note","spans":[],"children":[],"rendered":null},{"message":"/usr/bin/ld: warning: /home/thiago/Repositorio/IPPD/teste/target/debug/build/proc-macro2-3954bfbfa9442c2d/build_script_build-3954bfbfa9442c2d.build_script_build.fa25430e9c0eff50-cgu.1.rcgu.o has a corrupt section with a size (4f) larger than the file size\n/usr/bin/ld: warning: /home/thiago/Repositorio/IPPD/teste/target/debug/build/proc-macro2-3954bfbfa9442c2d/build_script_build-3954bfbfa9442c2d.build_script_build.fa25430e9c0eff50-cgu.1.rcgu.o has a corrupt section with a size (30) larger than the file size\n/usr/bin/ld: warning: /home/thiago/Repositorio/IPPD/teste/target/debug/build/proc-macro2-3954bfbfa9442c2d/build_script_build-3954bfbfa9442c2d.build_script_build.fa25430e9c0eff50-cgu.1.rcgu.o has a corrupt section with a size (4f) larger than the file size\n/usr/bin/ld: warning: /home/thiago/Repositorio/IPPD/teste/target/debug/build/proc-macro2-3954bfbfa9442c2d/build_script_build-3954bfbfa9442c2d.build_script_build.fa25430e9c0eff50-cgu.1.rcgu.o has a corrupt section with a size (30) larger than the file size\n/usr/bin/ld: warning: /home/thiago/Repositorio/IPPD/teste/target/debug/build/proc-macro2-3954bfbfa9442c2d/build_script_build-3954bfbfa9442c2d.build_script_build.fa25430e9c0eff50-cgu.1.rcgu.o has a corrupt section with a size (4f) larger than the file size\n/usr/bin/ld: warning: /home/thiago/Repositorio/IPPD/teste/target/debug/build/proc-macro2-3954bfbfa9442c2d/build_script_build-3954bfbfa9442c2d.build_script_build.fa25430e9c0eff50-cgu.1.rcgu.o has a corrupt section with a size (30) larger than the file size\n/usr/bin/ld: warning: /home/thiago/Repositorio/IPPD/teste/target/debug/build/proc-macro2-3954bfbfa9442c2d/build_script_build-3954bfbfa9442c2d.build_script_build.fa25430e9c0eff50-cgu.1.rcgu.o has a corrupt section with a size (4f) larger than the file size\n/usr/bin/ld: warning: /home/thiago/Repositorio/IPPD/teste/target/debug/build/proc-macro2-3954bfbfa9442c2d/build_script_build-3954bfbfa9442c2d.build_script_build.fa25430e9c0eff50-cgu.1.rcgu.o has a corrupt section with a size (30) larger than the file size\n/usr/bin/ld: warning: /home/thiago/Repositorio/IPPD/teste/target/debug/build/proc-macro2-3954bfbfa9442c2d/build_script_build-3954bfbfa9442c2d.build_script_build.fa25430e9c0eff50-cgu.1.rcgu.o has a corrupt section with a size (11) larger than the file size\n/usr/bin/ld: warning: /home/thiago/Repositorio/IPPD/teste/target/debug/build/proc-macro2-3954bfbfa9442c2d/build_script_build-3954bfbfa9442c2d.build_script_build.fa25430e9c0eff50-cgu.1.rcgu.o has a corrupt section with a size (43) larger than the file size\n/usr/bin/ld: warning: /home/thiago/Repositorio/IPPD/teste/target/debug/build/proc-macro2-3954bfbfa9442c2d/build_script_build-3954bfbfa9442c2d.build_script_build.fa25430e9c0eff50-cgu.1.rcgu.o has a corrupt section with a size (f) larger than the file size\n/usr/bin/ld: warning: /home/thiago/Repositorio/IPPD/teste/target/debug/build/proc-macro2-3954bfbfa9442c2d/build_script_build-3954bfbfa9442c2d.build_script_build.fa25430e9c0eff50-cgu.1.rcgu.o has a corrupt section with a size (30) larger than the file size\n/usr/bin/ld: warning: /home/thiago/Repositorio/IPPD/teste/target/debug/build/proc-macro2-3954bfbfa9442c2d/build_script_build-3954bfbfa9442c2d.build_script_build.fa25430e9c0eff50-cgu.1.rcgu.o has a corrupt section with a size (38) larger than the file size\n/usr/bin/ld: warning: /home/thiago/Repositorio/IPPD/teste/target/debug/build/proc-macro2-3954bfbfa9442c2d/build_script_build-3954bfbfa9442c2d.build_script_build.fa25430e9c0eff50-cgu.1.rcgu.o has a corrupt section with a size (3c) larger than the file size\n/usr/bin/ld: warning: /home/thiago/Repositorio/IPPD/teste/target/debug/build/proc-macro2-3954bfbfa9442c2d/build_script_build-3954bfbfa9442c2d.build_script_build.fa25430e9c0eff50-cgu.1.rcgu.o has a corrupt section with a size (30) larger than the file size\n/usr/bin/ld: warning: /home/thiago/Repositorio/IPPD/teste/target/debug/build/proc-macro2-3954bfbfa9442c2d/build_script_build-3954bfbfa9442c2d.build_script_build.fa25430e9c0eff50-cgu.1.rcgu.o has a corrupt section with a size (8f) larger than the file size\n/usr/bin/ld: warning: /home/thiago/Repositorio/IPPD/teste/target/debug/build/proc-macro2-3954bfbfa9442c2d/build_script_build-3954bfbfa9442c2d.build_script_build.fa25430e9c0eff50-cgu.1.rcgu.o has a corrupt section with a size (78) larger than the file size\n/usr/bin/ld: warning: /home/thiago/Repositorio/IPPD/teste/target/debug/build/proc-macro2-3954bfbfa9442c2d/build_script_build-3954bfbfa9442c2d.build_script_build.fa25430e9c0eff50-cgu.1.rcgu.o has a corrupt section with a size (1c) larger than the file size\n/usr/bin/ld: warning: /home/thiago/Repositorio/IPPD/teste/target/debug/build/proc-macro2-3954bfbfa9442c2d/build_script_build-3954bfbfa9442c2d.build_script_build.fa25430e9c0eff50-cgu.1.rcgu.o has a corrupt section with a size (43) larger than the file size\n/usr/bin/ld: warning: /home/thiago/Repositorio/IPPD/teste/target/debug/build/proc-macro2-3954bfbfa9442c2d/build_script_build-3954bfbfa9442c2d.build_script_build.fa25430e9c0eff50-cgu.1.rcgu.o has a corrupt section with a size (10) larger than the file size\n/usr/bin/ld: warning: /home/thiago/Repositorio/IPPD/teste/target/debug/build/proc-macro2-3954bfbfa9442c2d/build_script_build-3954bfbfa9442c2d.build_script_build.fa25430e9c0eff50-cgu.1.rcgu.o has a corrupt section with a size (8) larger than the file size\n/usr/bin/ld: warning: /home/thiago/Repositorio/IPPD/teste/target/debug/build/proc-macro2-3954bfbfa9442c2d/build_script_build-3954bfbfa9442c2d.build_script_build.fa25430e9c0eff50-cgu.1.rcgu.o has a corrupt section with a size (4a) larger than the file size\n/usr/bin/ld: warning: /home/thiago/Repositorio/IPPD/teste/target/debug/build/proc-macro2-3954bfbfa9442c2d/build_script_build-3954bfbfa9442c2d.build_script_build.fa25430e9c0eff50-cgu.1.rcgu.o has a corrupt section with a size (18) larger than the file size\n/usr/bin/ld: warning: /home/thiago/Repositorio/IPPD/teste/target/debug/build/proc-macro2-3954bfbfa9442c2d/build_script_build-3954bfbfa9442c2d.build_script_build.fa25430e9c0eff50-cgu.1.rcgu.o has a corrupt section with a size (18) larger than the file size\n/usr/bin/ld: warning: /home/thiago/Repositorio/IPPD/teste/target/debug/build/proc-macro2-3954bfbfa9442c2d/build_script_build-3954bfbfa9442c2d.build_script_build.fa25430e9c0eff50-cgu.1.rcgu.o has a corrupt section with a size (5d) larger than the file size\n/usr/bin/ld: warning: /home/thiago/Repositorio/IPPD/teste/target/debug/build/proc-macro2-3954bfbfa9442c2d/build_script_build-3954bfbfa9442c2d.build_script_build.fa25430e9c0eff50-cgu.1.rcgu.o has a corrupt section with a size (66) larger than the file size\n/usr/bin/ld: warning: /home/thiago/Repositorio/IPPD/teste/target/debug/build/proc-macro2-3954bfbfa9442c2d/build_script_build-3954bfbfa9442c2d.build_script_build.fa25430e9c0eff50-cgu.1.rcgu.o has a corrupt section with a size (50) larger than the file size\n/usr/bin/ld: warning: /home/thiago/Repositorio/IPPD/teste/target/debug/build/proc-macro2-3954bfbfa9442c2d/build_script_build-3954bfbfa9442c2d.build_script_build.fa25430e9c0eff50-cgu.1.rcgu.o has a corrupt section with a size (18) larger than the file size\n/usr/bin/ld: warning: /home/thiago/Repositorio/IPPD/teste/target/debug/build/proc-macro2-3954bfbfa9442c2d/build_script_build-3954bfbfa9442c2d.build_script_build.fa25430e9c0eff50-cgu.1.rcgu.o has a corrupt section with a size (18) larger than the file size\n/usr/bin/ld: warning: /home/thiago/Repositorio/IPPD/teste/target/debug/build/proc-macro2-3954bfbfa9442c2d/build_script_build-3954bfbfa9442c2d.build_script_build.fa25430e9c0eff50-cgu.1.rcgu.o has a corrupt section with a size (12) larger than the file size\n/usr/bin/ld: warning: /home/thiago/Repositorio/IPPD/teste/target/debug/build/proc-macro2-3954bfbfa9442c2d/build_script_build-3954bfbfa9442c2d.build_script_build.fa25430e9c0eff50-cgu.1.rcgu.o has a corrupt section with a size (13) larger than the file size\n/usr/bin/ld: warning: /home/thiago/Repositorio/IPPD/teste/target/debug/build/proc-macro2-3954bfbfa9442c2d/build_script_build-3954bfbfa9442c2d.build_script_build.fa25430e9c0eff50-cgu.1.rcgu.o has a corrupt section with a size (15) larger than the file size\n/usr/bin/ld: /home/thiago/Repositorio/IPPD/teste/target/debug/build/proc-macro2-3954bfbfa9442c2d/build_script_build-3954bfbfa9442c2d.build_script_build.fa25430e9c0eff50-cgu.0.rcgu.o: in function `std::rt::lang_start::{{closure}}':\nbuild_script_build.fa25430e9c0eff50-cgu.0:(.text._ZN3std2rt10lang_start28_$u7b$$u7b$closure$u7d$$u7d$17hf49acd90e2decb58E+0x5): undefined reference to `std::sys_common::backtrace::__rust_begin_short_backtrace'\n/usr/bin/ld: build_script_build.fa25430e9c0eff50-cgu.0:(.text._ZN3std2rt10lang_start28_$u7b$$u7b$closure$u7d$$u7d$17hf49acd90e2decb58E+0xa): undefined reference to `<() as std::process::Termination>::report'\n/usr/bin/ld: /home/thiago/Repositorio/IPPD/teste/target/debug/build/proc-macro2-3954bfbfa9442c2d/build_script_build-3954bfbfa9442c2d.build_script_build.fa25430e9c0eff50-cgu.0.rcgu.o: in function `std::env::var':\nbuild_script_build.fa25430e9c0eff50-cgu.0:(.text._ZN3std3env3var17h86587dff3896a134E+0x1e): undefined reference to `<&T as core::convert::AsRef<U>>::as_ref'\n/usr/bin/ld: /home/thiago/Repositorio/IPPD/teste/target/debug/build/proc-macro2-3954bfbfa9442c2d/build_script_build-3954bfbfa9442c2d.build_script_build.fa25430e9c0eff50-cgu.0.rcgu.o: in function `std::env::var_os':\nbuild_script_build.fa25430e9c0eff50-cgu.0:(.text._ZN3std3env6var_os17h5b152d36245b823dE+0x1e): undefined reference to `<&T as core::convert::AsRef<U>>::as_ref'\n/usr/bin/ld: /home/thiago/Repositorio/IPPD/teste/target/debug/build/proc-macro2-3954bfbfa9442c2d/build_script_build-3954bfbfa9442c2d.build_script_build.fa25430e9c0eff50-cgu.0.rcgu.o: in function `core::str::traits::<impl core::slice::index::SliceIndex<str> for core::ops::range::Range<usize>>::get_unchecked':\nbuild_script_build.fa25430e9c0eff50-cgu.0:(.text._ZN4core3str6traits108_$LT$impl$u20$core..slice..index..SliceIndex$LT$str$GT$$u20$for$u20$core..ops..range..Range$LT$usize$GT$$GT$13get_unchecked17he6124ffd12b6c94aE+0x3c): undefined reference to `core::str::traits::<impl core::slice::index::SliceIndex<str> for core::ops::range::Range<usize>>::get_unchecked::precondition_check'\n/usr/bin/ld: /home/thiago/Repositorio/IPPD/teste/target/debug/build/proc-macro2-3954bfbfa9442c2d/build_script_build-3954bfbfa9442c2d.build_script_build.fa25430e9c0eff50-cgu.0.rcgu.o: in function `core::slice::raw::from_raw_parts::precondition_check':\nbuild_script_build.fa25430e9c0eff50-cgu.0:(.text._ZN4core5slice3raw14from_raw_parts18precondition_check17h0198853b46cdaf75E+0x1c): undefined reference to `core::ub_checks::is_aligned_and_not_null'\n/usr/bin/ld: /home/thiago/Repositorio/IPPD/teste/target/debug/build/proc-macro2-3954bfbfa9442c2d/build_script_build-3954bfbfa9442c2d.build_script_build.fa25430e9c0eff50-cgu.0.rcgu.o: in function `<char as core::str::pattern::Pattern>::into_searcher':\nbuild_script_build.fa25430e9c0eff50-cgu.0:(.text._ZN52_$LT$char$u20$as$u20$core..str..pattern..Pattern$GT$13into_searcher17h8da3eb6a2db59ee5E+0x3c): undefined reference to `core::char::methods::encode_utf8_raw'\n/usr/bin/ld: build_script_build.fa25430e9c0eff50-cgu.0:(.text._ZN52_$LT$char$u20$as$u20$core..str..pattern..Pattern$GT$13into_searcher17h8da3eb6a2db59ee5E+0x97): undefined reference to `core::result::Result<T,E>::expect'\n/usr/bin/ld: /home/thiago/Repositorio/IPPD/teste/target/debug/build/proc-macro2-3954bfbfa9442c2d/build_script_build-3954bfbfa9442c2d.build_script_build.fa25430e9c0eff50-cgu.0.rcgu.o: in function `build_script_build::main':\nbuild_script_build.fa25430e9c0eff50-cgu.0:(.text._ZN18build_script_build4main17h331658229ec1557cE+0x1e): undefined reference to `core::option::Option<T>::unwrap_or'\n/usr/bin/ld: build_script_build.fa25430e9c0eff50-cgu.0:(.text._ZN18build_script_build4main17h331658229ec1557cE+0x4f): undefined reference to `core::option::Option<T>::is_some'\n/usr/bin/ld: build_script_build.fa25430e9c0eff50-cgu.0:(.text._ZN18build_script_build4main17h331658229ec1557cE+0x259): undefined reference to `core::ptr::drop_in_place<core::option::Option<std::ffi::os_str::OsString>>'\n/usr/bin/ld: build_script_build.fa25430e9c0eff50-cgu.0:(.text._ZN18build_script_build4main17h331658229ec1557cE+0x281): undefined reference to `core::ptr::drop_in_place<core::option::Option<std::ffi::os_str::OsString>>'\n/usr/bin/ld: build_script_build.fa25430e9c0eff50-cgu.0:(.text._ZN18build_script_build4main17h331658229ec1557cE+0x4a0): undefined reference to `core::ptr::drop_in_place<std::ffi::os_str::OsString>'\n/usr/bin/ld: build_script_build.fa25430e9c0eff50-cgu.0:(.text._ZN18build_script_build4main17h331658229ec1557cE+0x515): undefined reference to `core::ptr::drop_in_place<std::ffi::os_str::OsString>'\n/usr/bin/ld: build_script_build.fa25430e9c0eff50-cgu.0:(.text._ZN18build_script_build4main17h331658229ec1557cE+0x571): undefined reference to `core::ptr::drop_in_place<std::ffi::os_str::OsString>'\n/usr/bin/ld: /home/thiago/Repositorio/IPPD/teste/target/debug/build/proc-macro2-3954bfbfa9442c2d/build_script_build-3954bfbfa9442c2d.build_script_build.fa25430e9c0eff50-cgu.0.rcgu.o: in function `build_script_build::compile_probe':\nbuild_script_build.fa25430e9c0eff50-cgu.0:(.text._ZN18build_script_build13compile_probe17hdba3998c978e368cE+0x8b): undefined reference to `core::option::Option<T>::is_some'\n/usr/bin/ld: build_script_build.fa25430e9c0eff50-cgu.0:(.text._ZN18build_script_build13compile_probe17hdba3998c978e368cE+0xa1): undefined reference to `core::ptr::drop_in_place<core::option::Option<std::ffi::os_str::OsString>>'\n/usr/bin/ld: build_script_build.fa25430e9c0eff50-cgu.0:(.text._ZN18build_script_build13compile_probe17hdba3998c978e368cE+0xd6): undefined reference to `core::ptr::drop_in_place<core::option::Option<std::ffi::os_str::OsString>>'\n/usr/bin/ld: build_script_build.fa25430e9c0eff50-cgu.0:(.text._ZN18build_script_build13compile_probe17hdba3998c978e368cE+0x11f): undefined reference to `core::ptr::drop_in_place<core::option::Option<std::ffi::os_str::OsString>>'\n/usr/bin/ld: build_script_build.fa25430e9c0eff50-cgu.0:(.text._ZN18build_script_build13compile_probe17hdba3998c978e368cE+0x16e): undefined reference to `std::path::Path::new'\n/usr/bin/ld: build_script_build.fa25430e9c0eff50-cgu.0:(.text._ZN18build_script_build13compile_probe17hdba3998c978e368cE+0x1d0): undefined reference to `std::path::Path::join'\n/usr/bin/ld: build_script_build.fa25430e9c0eff50-cgu.0:(.text._ZN18build_script_build13compile_probe17hdba3998c978e368cE+0x233): undefined reference to `core::option::Option<T>::filter'\n/usr/bin/ld: build_script_build.fa25430e9c0eff50-cgu.0:(.text._ZN18build_script_build13compile_probe17hdba3998c978e368cE+0x293): undefined reference to `core::option::Option<T>::filter'\n/usr/bin/ld: build_script_build.fa25430e9c0eff50-cgu.0:(.text._ZN18build_script_build13compile_probe17hdba3998c978e368cE+0x2da): undefined reference to `<core::option::Option<T> as core::iter::traits::collect::IntoIterator>::into_iter'\n/usr/bin/ld: build_script_build.fa25430e9c0eff50-cgu.0:(.text._ZN18build_script_build13compile_probe17hdba3998c978e368cE+0x34a): undefined reference to `core::iter::traits::iterator::Iterator::chain'\n/usr/bin/ld: build_script_build.fa25430e9c0eff50-cgu.0:(.text._ZN18build_script_build13compile_probe17hdba3998c978e368cE+0x391): undefined reference to `core::iter::sources::once::once'\n/usr/bin/ld: build_script_build.fa25430e9c0eff50-cgu.0:(.text._ZN18build_script_build13compile_probe17hdba3998c978e368cE+0x3e1): undefined reference to `core::iter::traits::iterator::Iterator::chain'\n/usr/bin/ld: build_script_build.fa25430e9c0eff50-cgu.0:(.text._ZN18build_script_build13compile_probe17hdba3998c978e368cE+0x408): undefined reference to `<core::iter::adapters::chain::Chain<A,B> as core::iter::traits::iterator::Iterator>::next'\n/usr/bin/ld: build_script_build.fa25430e9c0eff50-cgu.0:(.text._ZN18build_script_build13compile_probe17hdba3998c978e368cE+0x4a7): undefined reference to `std::process::Command::new'\n/usr/bin/ld: build_script_build.fa25430e9c0eff50-cgu.0:(.text._ZN18build_script_build13compile_probe17hdba3998c978e368cE+0x516): undefined reference to `std::process::Command::args'\n/usr/bin/ld: build_script_build.fa25430e9c0eff50-cgu.0:(.text._ZN18build_script_build13compile_probe17hdba3998c978e368cE+0x525): undefined reference to `core::ptr::drop_in_place<std::process::Command>'\n/usr/bin/ld: build_script_build.fa25430e9c0eff50-cgu.0:(.text._ZN18build_script_build13compile_probe17hdba3998c978e368cE+0x566): undefined reference to `std::process::Command::env_remove'\n/usr/bin/ld: build_script_build.fa25430e9c0eff50-cgu.0:(.text._ZN18build_script_build13compile_probe17hdba3998c978e368cE+0x56d): undefined reference to `std::process::Stdio::null'\n/usr/bin/ld: build_script_build.fa25430e9c0eff50-cgu.0:(.text._ZN18build_script_build13compile_probe17hdba3998c978e368cE+0x59a): undefined reference to `std::process::Command::stderr'\n/usr/bin/ld: build_script_build.fa25430e9c0eff50-cgu.0:(.text._ZN18build_script_build13compile_probe17hdba3998c978e368cE+0x5b7): undefined reference to `std::process::Command::arg'\n/usr/bin/ld: build_script_build.fa25430e9c0eff50-cgu.0:(.text._ZN18build_script_build13compile_probe17hdba3998c978e368cE+0x5d4): undefined reference to `std::process::Command::arg'\n/usr/bin/ld: build_script_build.fa25430e9c0eff50-cgu.0:(.text._ZN18build_script_build13compile_probe17hdba3998c978e368cE+0x5f1): undefined reference to `std::process::Command::arg'\n/usr/bin/ld: build_script_build.fa25430e9c0eff50-cgu.0:(.text._ZN18build_script_build13compile_probe17hdba3998c978e368cE+0x60e): undefined reference to `std::process::Command::arg'\n/usr/bin/ld: build_script_build.fa25430e9c0eff50-cgu.0:(.text._ZN18build_script_build13compile_probe17hdba3998c978e368cE+0x62b): undefined reference to `std::process::Command::arg'\n/usr/bin/ld: /home/thiago/Repositorio/IPPD/teste/target/debug/build/proc-macro2-3954bfbfa9442c2d/build_script_build-3954bfbfa9442c2d.build_script_build.fa25430e9c0eff50-cgu.0.rcgu.o:build_script_build.fa25430e9c0eff50-cgu.0:(.text._ZN18build_script_build13compile_probe17hdba3998c978e368cE+0x648): more undefined references to `std::process::Command::arg' follow\n/usr/bin/ld: /home/thiago/Repositorio/IPPD/teste/target/debug/build/proc-macro2-3954bfbfa9442c2d/build_script_build-3954bfbfa9442c2d.build_script_build.fa25430e9c0eff50-cgu.0.rcgu.o: in function `build_script_build::compile_probe':\nbuild_script_build.fa25430e9c0eff50-cgu.0:(.text._ZN18build_script_build13compile_probe17hdba3998c978e368cE+0x689): undefined reference to `std::process::Command::arg'\n/usr/bin/ld: build_script_build.fa25430e9c0eff50-cgu.0:(.text._ZN18build_script_build13compile_probe17hdba3998c978e368cE+0x6ca): undefined reference to `std::process::Command::arg'\n/usr/bin/ld: build_script_build.fa25430e9c0eff50-cgu.0:(.text._ZN18build_script_build13compile_probe17hdba3998c978e368cE+0x75b): undefined reference to `std::process::Command::arg'\n/usr/bin/ld: build_script_build.fa25430e9c0eff50-cgu.0:(.text._ZN18build_script_build13compile_probe17hdba3998c978e368cE+0x7ed): undefined reference to `std::process::Command::arg'\n/usr/bin/ld: build_script_build.fa25430e9c0eff50-cgu.0:(.text._ZN18build_script_build13compile_probe17hdba3998c978e368cE+0x809): undefined reference to `core::ptr::drop_in_place<std::ffi::os_str::OsString>'\n/usr/bin/ld: build_script_build.fa25430e9c0eff50-cgu.0:(.text._ZN18build_script_build13compile_probe17hdba3998c978e368cE+0x851): undefined reference to `core::ptr::drop_in_place<std::ffi::os_str::OsString>'\n/usr/bin/ld: build_script_build.fa25430e9c0eff50-cgu.0:(.text._ZN18build_script_build13compile_probe17hdba3998c978e368cE+0x8c2): undefined reference to `core::ptr::drop_in_place<alloc::string::String>'\n/usr/bin/ld: build_script_build.fa25430e9c0eff50-cgu.0:(.text._ZN18build_script_build13compile_probe17hdba3998c978e368cE+0x90d): undefined reference to `core::ptr::drop_in_place<alloc::string::String>'\n/usr/bin/ld: build_script_build.fa25430e9c0eff50-cgu.0:(.text._ZN18build_script_build13compile_probe17hdba3998c978e368cE+0x9cf): undefined reference to `std::process::Command::arg'\n/usr/bin/ld: build_script_build.fa25430e9c0eff50-cgu.0:(.text._ZN18build_script_build13compile_probe17hdba3998c978e368cE+0xa07): undefined reference to `core::ptr::drop_in_place<core::result::Result<alloc::string::String,std::env::VarError>>'\n/usr/bin/ld: build_script_build.fa25430e9c0eff50-cgu.0:(.text._ZN18build_script_build13compile_probe17hdba3998c978e368cE+0xa25): undefined reference to `core::ptr::drop_in_place<core::result::Result<alloc::string::String,std::env::VarError>>'\n/usr/bin/ld: build_script_build.fa25430e9c0eff50-cgu.0:(.text._ZN18build_script_build13compile_probe17hdba3998c978e368cE+0xa57): undefined reference to `core::ptr::drop_in_place<alloc::string::String>'\n/usr/bin/ld: build_script_build.fa25430e9c0eff50-cgu.0:(.text._ZN18build_script_build13compile_probe17hdba3998c978e368cE+0xa81): undefined reference to `std::process::ExitStatus::success'\n/usr/bin/ld: build_script_build.fa25430e9c0eff50-cgu.0:(.text._ZN18build_script_build13compile_probe17hdba3998c978e368cE+0xa9e): undefined reference to `core::ptr::drop_in_place<std::process::Command>'\n/usr/bin/ld: build_script_build.fa25430e9c0eff50-cgu.0:(.text._ZN18build_script_build13compile_probe17hdba3998c978e368cE+0xad0): undefined reference to `core::ptr::drop_in_place<std::process::Command>'\n/usr/bin/ld: build_script_build.fa25430e9c0eff50-cgu.0:(.text._ZN18build_script_build13compile_probe17hdba3998c978e368cE+0xadf): undefined reference to `core::ptr::drop_in_place<core::result::Result<std::process::ExitStatus,std::io::error::Error>>'\n/usr/bin/ld: build_script_build.fa25430e9c0eff50-cgu.0:(.text._ZN18build_script_build13compile_probe17hdba3998c978e368cE+0xb34): undefined reference to `core::ptr::drop_in_place<core::result::Result<std::process::ExitStatus,std::io::error::Error>>'\n/usr/bin/ld: build_script_build.fa25430e9c0eff50-cgu.0:(.text._ZN18build_script_build13compile_probe17hdba3998c978e368cE+0xb62): undefined reference to `core::ptr::drop_in_place<core::iter::adapters::chain::Chain<core::iter::adapters::chain::Chain<core::option::IntoIter<std::ffi::os_str::OsString>,core::option::IntoIter<std::ffi::os_str::OsString>>,core::iter::sources::once::Once<std::ffi::os_str::OsString>>>'\n/usr/bin/ld: build_script_build.fa25430e9c0eff50-cgu.0:(.text._ZN18build_script_build13compile_probe17hdba3998c978e368cE+0xb74): undefined reference to `core::ptr::drop_in_place<core::iter::adapters::chain::Chain<core::option::IntoIter<std::ffi::os_str::OsString>,core::option::IntoIter<std::ffi::os_str::OsString>>>'\n/usr/bin/ld: build_script_build.fa25430e9c0eff50-cgu.0:(.text._ZN18build_script_build13compile_probe17hdba3998c978e368cE+0xb86): undefined reference to `core::ptr::drop_in_place<core::option::Option<std::ffi::os_str::OsString>>'\n/usr/bin/ld: build_script_build.fa25430e9c0eff50-cgu.0:(.text._ZN18build_script_build13compile_probe17hdba3998c978e368cE+0xb98): undefined reference to `core::ptr::drop_in_place<core::option::Option<std::ffi::os_str::OsString>>'\n/usr/bin/ld: build_script_build.fa25430e9c0eff50-cgu.0:(.text._ZN18build_script_build13compile_probe17hdba3998c978e368cE+0xbaa): undefined reference to `core::ptr::drop_in_place<std::path::PathBuf>'\n/usr/bin/ld: build_script_build.fa25430e9c0eff50-cgu.0:(.text._ZN18build_script_build13compile_probe17hdba3998c978e368cE+0xbbc): undefined reference to `core::ptr::drop_in_place<std::ffi::os_str::OsString>'\n/usr/bin/ld: build_script_build.fa25430e9c0eff50-cgu.0:(.text._ZN18build_script_build13compile_probe17hdba3998c978e368cE+0xbce): undefined reference to `core::ptr::drop_in_place<std::ffi::os_str::OsString>'\n/usr/bin/ld: /home/thiago/Repositorio/IPPD/teste/target/debug/build/proc-macro2-3954bfbfa9442c2d/build_script_build-3954bfbfa9442c2d.build_script_build.fa25430e9c0eff50-cgu.0.rcgu.o: in function `build_script_build::rustc_minor_version':\nbuild_script_build.fa25430e9c0eff50-cgu.0:(.text._ZN18build_script_build19rustc_minor_version17h8d443abe0583575aE+0x41): undefined reference to `std::process::Command::new'\n/usr/bin/ld: build_script_build.fa25430e9c0eff50-cgu.0:(.text._ZN18build_script_build19rustc_minor_version17h8d443abe0583575aE+0x5a): undefined reference to `std::process::Command::arg'\n/usr/bin/ld: build_script_build.fa25430e9c0eff50-cgu.0:(.text._ZN18build_script_build19rustc_minor_version17h8d443abe0583575aE+0x71): undefined reference to `core::ptr::drop_in_place<std::process::Command>'\n/usr/bin/ld: build_script_build.fa25430e9c0eff50-cgu.0:(.text._ZN18build_script_build19rustc_minor_version17h8d443abe0583575aE+0xbc): undefined reference to `core::result::Result<T,E>::ok'\n/usr/bin/ld: build_script_build.fa25430e9c0eff50-cgu.0:(.text._ZN18build_script_build19rustc_minor_version17h8d443abe0583575aE+0xd3): undefined reference to `<core::option::Option<T> as core::ops::try_trait::Try>::branch'\n/usr/bin/ld: build_script_build.fa25430e9c0eff50-cgu.0:(.text._ZN18build_script_build19rustc_minor_version17h8d443abe0583575aE+0x189): undefined reference to `core::ptr::drop_in_place<std::process::Command>'\n/usr/bin/ld: build_script_build.fa25430e9c0eff50-cgu.0:(.text._ZN18build_script_build19rustc_minor_version17h8d443abe0583575aE+0x190): undefined reference to `<core::option::Option<T> as core::ops::try_trait::FromResidual>::from_residual'\n/usr/bin/ld: build_script_build.fa25430e9c0eff50-cgu.0:(.text._ZN18build_script_build19rustc_minor_version17h8d443abe0583575aE+0x1b0): undefined reference to `core::ptr::drop_in_place<std::process::Output>'\n/usr/bin/ld: build_script_build.fa25430e9c0eff50-cgu.0:(.text._ZN18build_script_build19rustc_minor_version17h8d443abe0583575aE+0x21a): undefined reference to `core::result::Result<T,E>::ok'\n/usr/bin/ld: build_script_build.fa25430e9c0eff50-cgu.0:(.text._ZN18build_script_build19rustc_minor_version17h8d443abe0583575aE+0x235): undefined reference to `<core::option::Option<T> as core::ops::try_trait::Try>::branch'\n/usr/bin/ld: build_script_build.fa25430e9c0eff50-cgu.0:(.text._ZN18build_script_build19rustc_minor_version17h8d443abe0583575aE+0x2a1): undefined reference to `<core::option::Option<T> as core::ops::try_trait::FromResidual>::from_residual'\n/usr/bin/ld: build_script_build.fa25430e9c0eff50-cgu.0:(.text._ZN18build_script_build19rustc_minor_version17h8d443abe0583575aE+0x2f5): undefined reference to `core::cmp::PartialEq::ne'\n/usr/bin/ld: build_script_build.fa25430e9c0eff50-cgu.0:(.text._ZN18build_script_build19rustc_minor_version17h8d443abe0583575aE+0x33d): undefined reference to `<core::option::Option<T> as core::ops::try_trait::Try>::branch'\n/usr/bin/ld: build_script_build.fa25430e9c0eff50-cgu.0:(.text._ZN18build_script_build19rustc_minor_version17h8d443abe0583575aE+0x3a1): undefined reference to `<core::option::Option<T> as core::ops::try_trait::FromResidual>::from_residual'\n/usr/bin/ld: build_script_build.fa25430e9c0eff50-cgu.0:(.text._ZN18build_script_build19rustc_minor_version17h8d443abe0583575aE+0x3e5): undefined reference to `core::result::Result<T,E>::ok'\n/usr/bin/ld: build_script_build.fa25430e9c0eff50-cgu.0:(.text._ZN18build_script_build19rustc_minor_version17h8d443abe0583575aE+0x412): undefined reference to `core::ptr::drop_in_place<std::process::Output>'\n/usr/bin/ld: build_script_build.fa25430e9c0eff50-cgu.0:(.text._ZN18build_script_build19rustc_minor_version17h8d443abe0583575aE+0x44b): undefined reference to `core::ptr::drop_in_place<std::process::Output>'\n/usr/bin/ld: build_script_build.fa25430e9c0eff50-cgu.0:(.text._ZN18build_script_build19rustc_minor_version17h8d443abe0583575aE+0x45a): undefined reference to `core::ptr::drop_in_place<std::process::Output>'\n/usr/bin/ld: build_script_build.fa25430e9c0eff50-cgu.0:(.text._ZN18build_script_build19rustc_minor_version17h8d443abe0583575aE+0x4b3): undefined reference to `core::ptr::drop_in_place<std::process::Command>'\n/usr/bin/ld: /home/thiago/Repositorio/IPPD/teste/target/debug/build/proc-macro2-3954bfbfa9442c2d/build_script_build-3954bfbfa9442c2d.build_script_build.fa25430e9c0eff50-cgu.0.rcgu.o: in function `build_script_build::cargo_env_var':\nbuild_script_build.fa25430e9c0eff50-cgu.0:(.text._ZN18build_script_build13cargo_env_var17hb003559b8fcb8e5bE+0x4d): undefined reference to `core::option::Option<T>::unwrap_or_else'\n/usr/bin/ld: /home/thiago/Repositorio/IPPD/teste/target/debug/build/proc-macro2-3954bfbfa9442c2d/build_script_build-3954bfbfa9442c2d.build_script_build.fa25430e9c0eff50-cgu.0.rcgu.o:(.data.rel.ro..L__unnamed_6+0x0): undefined reference to `core::ptr::drop_in_place<std::rt::lang_start<()>::{{closure}}>'\n/usr/bin/ld: /home/thiago/Repositorio/IPPD/teste/target/debug/build/proc-macro2-3954bfbfa9442c2d/build_script_build-3954bfbfa9442c2d.build_script_build.fa25430e9c0eff50-cgu.0.rcgu.o:(.data.rel.ro..L__unnamed_6+0x18): undefined reference to `core::ops::function::FnOnce::call_once{{vtable-shim}}'\n/usr/bin/ld: /home/thiago/Repositorio/IPPD/teste/target/debug/build/proc-macro2-3954bfbfa9442c2d/build_script_build-3954bfbfa9442c2d: hidden symbol `_ZN3std7process5Stdio4null17h6d656968333d11dbE' isn't defined\n/usr/bin/ld: final link failed: bad value\ncollect2: error: ld returned 1 exit status\n","code":null,"level":"note","spans":[],"children":[],"rendered":null},{"message":"some `extern` functions couldn't be found; some native libraries may need to be installed or have their path specified","code":null,"level":"note","spans":[],"children":[],"rendered":null},{"message":"use the `-l` flag to specify native libraries to link","code":null,"level":"note","spans":[],"children":[],"rendered":null},{"message":"use the `cargo:rustc-link-lib` directive to specify the native libraries to link with Cargo (see https://doc.rust-lang.org/cargo/reference/build-scripts.html#rustc-link-lib)","code":null,"level":"note","spans":[],"children":[],"rendered":null}],"rendered":"\u001b[0m\u001b[1m\u001b[38;5;9merror\u001b[0m\u001b[0m\u001b[1m: linking with `cc` failed: exit status: 1\u001b[0m\n\u001b[0m  \u001b[0m\u001b[0m\u001b[1m\u001b[38;5;12m|\u001b[0m\n\u001b[0m  \u001b[0m\u001b[0m\u001b[1m\u001b[38;5;12m= \u001b[0m\u001b[0m\u001b[1mnote\u001b[0m\u001b[0m: LC_ALL=\"C\" PATH=\"/home/thiago/.rustup/toolchains/stable-x86_64-unknown-linux-gnu/lib/rustlib/x86_64-unknown-linux-gnu/bin:/home/thiago/.cargo/bin:/usr/local/sbin:/usr/local/bin:/usr/sbin:/usr/bin:/sbin:/bin:/usr/games:/usr/local/games:/snap/bin\" VSLANG=\"1033\" \"cc\" \"-m64\" \"/tmp/rustcoLFgRM/symbols.o\" \"/home/thiago/Repositorio/IPPD/teste/target/debug/build/proc-macro2-3954bfbfa9442c2d/build_script_build-3954bfbfa9442c2d.build_script_build.fa25430e9c0eff50-cgu.0.rcgu.o\" \"/home/thiago/Repositorio/IPPD/teste/target/debug/build/proc-macro2-3954bfbfa9442c2d/build_script_build-3954bfbfa9442c2d.build_script_build.fa25430e9c0eff50-cgu.1.rcgu.o\" \"/home/thiago/Repositorio/IPPD/teste/target/debug/build/proc-macro2-3954bfbfa9442c2d/build_script_build-3954bfbfa9442c2d.4bci7cy5mdw6cesp.rcgu.o\" \"-Wl,--as-needed\" \"-L\" \"/home/thiago/Repositorio/IPPD/teste/target/debug/deps\" \"-L\" \"/home/thiago/.rustup/toolchains/stable-x86_64-unknown-linux-gnu/lib/rustlib/x86_64-unknown-linux-gnu/lib\" \"-Wl,-Bstatic\" \"/home/thiago/.rustup/toolchains/stable-x86_64-unknown-linux-gnu/lib/rustlib/x86_64-unknown-linux-gnu/lib/libstd-d5189b81a4fa4d36.rlib\" \"/home/thiago/.rustup/toolchains/stable-x86_64-unknown-linux-gnu/lib/rustlib/x86_64-unknown-linux-gnu/lib/libpanic_unwind-6a4779412a873200.rlib\" \"/home/thiago/.rustup/toolchains/stable-x86_64-unknown-linux-gnu/lib/rustlib/x86_64-unknown-linux-gnu/lib/libobject-c88c426dd6780435.rlib\" \"/home/thiago/.rustup/toolchains/stable-x86_64-unknown-linux-gnu/lib/rustlib/x86_64-unknown-linux-gnu/lib/libmemchr-e74540b31113a555.rlib\" \"/home/thiago/.rustup/toolchains/stable-x86_64-unknown-linux-gnu/lib/rustlib/x86_64-unknown-linux-gnu/lib/libaddr2line-8751b61bd13c15cf.rlib\" \"/home/thiago/.rustup/toolchains/stable-x86_64-unknown-linux-gnu/lib/rustlib/x86_64-unknown-linux-gnu/lib/libgimli-a8b99dba9f449259.rlib\" \"/home/thiago/.rustup/toolchains/stable-x86_64-unknown-linux-gnu/lib/rustlib/x86_64-unknown-linux-gnu/lib/librustc_demangle-f0068d76172a0372.rlib\" \"/home/thiago/.rustup/toolchains/stable-x86_64-unknown-linux-gnu/lib/rustlib/x86_64-unknown-linux-gnu/lib/libstd_detect-c16dfaf47799564e.rlib\" \"/home/thiago/.rustup/toolchains/stable-x86_64-unknown-linux-gnu/lib/rustlib/x86_64-unknown-linux-gnu/lib/libhashbrown-bfa26dd63e299db5.rlib\" \"/home/thiago/.rustup/toolchains/stable-x86_64-unknown-linux-gnu/lib/rustlib/x86_64-unknown-linux-gnu/lib/librustc_std_workspace_alloc-75a2330a693e738f.rlib\" \"/home/thiago/.rustup/toolchains/stable-x86_64-unknown-linux-gnu/lib/rustlib/x86_64-unknown-linux-gnu/lib/libminiz_oxide-76779dce1f7ab63d.rlib\" \"/home/thiago/.rustup/toolchains/stable-x86_64-unknown-linux-gnu/lib/rustlib/x86_64-unknown-linux-gnu/lib/libadler-01c5cc588623cb35.rlib\" \"/home/thiago/.rustup/toolchains/stable-x86_64-unknown-linux-gnu/lib/rustlib/x86_64-unknown-linux-gnu/lib/libunwind-07bb9745ec737292.rlib\" \"/home/thiago/.rustup/toolchains/stable-x86_64-unknown-linux-gnu/lib/rustlib/x86_64-unknown-linux-gnu/lib/libcfg_if-6eacdcc91004cefb.rlib\" \"/home/thiago/.rustup/toolchains/stable-x86_64-unknown-linux-gnu/lib/rustlib/x86_64-unknown-linux-gnu/lib/liblibc-ae2488b58226c836.rlib\" \"/home/thiago/.rustup/toolchains/stable-x86_64-unknown-linux-gnu/lib/rustlib/x86_64-unknown-linux-gnu/lib/liballoc-52acaddcaaba04c6.rlib\" \"/home/thiago/.rustup/toolchains/stable-x86_64-unknown-linux-gnu/lib/rustlib/x86_64-unknown-linux-gnu/lib/librustc_std_workspace_core-326b78eac9ecd050.rlib\" \"/home/thiago/.rustup/toolchains/stable-x86_64-unknown-linux-gnu/lib/rustlib/x86_64-unknown-linux-gnu/lib/libcore-307ebf19f0f13d30.rlib\" \"/home/thiago/.rustup/toolchains/stable-x86_64-unknown-linux-gnu/lib/rustlib/x86_64-unknown-linux-gnu/lib/libcompiler_builtins-d9076ee5964191bf.rlib\" \"-Wl,-Bdynamic\" \"-lgcc_s\" \"-lutil\" \"-lrt\" \"-lpthread\" \"-lm\" \"-ldl\" \"-lc\" \"-Wl,--eh-frame-hdr\" \"-Wl,-z,noexecstack\" \"-L\" \"/home/thiago/.rustup/toolchains/stable-x86_64-unknown-linux-gnu/lib/rustlib/x86_64-unknown-linux-gnu/lib\" \"-o\" \"/home/thiago/Repositorio/IPPD/teste/target/debug/build/proc-macro2-3954bfbfa9442c2d/build_script_build-3954bfbfa9442c2d\" \"-Wl,--gc-sections\" \"-pie\" \"-Wl,-z,relro,-z,now\" \"-nodefaultlibs\"\u001b[0m\n\u001b[0m  \u001b[0m\u001b[0m\u001b[1m\u001b[38;5;12m= \u001b[0m\u001b[0m\u001b[1mnote\u001b[0m\u001b[0m: /usr/bin/ld: warning: /home/thiago/Repositorio/IPPD/teste/target/debug/build/proc-macro2-3954bfbfa9442c2d/build_script_build-3954bfbfa9442c2d.build_script_build.fa25430e9c0eff50-cgu.1.rcgu.o has a corrupt section with a size (4f) larger than the file size\u001b[0m\n\u001b[0m          /usr/bin/ld: warning: /home/thiago/Repositorio/IPPD/teste/target/debug/build/proc-macro2-3954bfbfa9442c2d/build_script_build-3954bfbfa9442c2d.build_script_build.fa25430e9c0eff50-cgu.1.rcgu.o has a corrupt section with a size (30) larger than the file size\u001b[0m\n\u001b[0m          /usr/bin/ld: warning: /home/thiago/Repositorio/IPPD/teste/target/debug/build/proc-macro2-3954bfbfa9442c2d/build_script_build-3954bfbfa9442c2d.build_script_build.fa25430e9c0eff50-cgu.1.rcgu.o has a corrupt section with a size (4f) larger than the file size\u001b[0m\n\u001b[0m          /usr/bin/ld: warning: /home/thiago/Repositorio/IPPD/teste/target/debug/build/proc-macro2-3954bfbfa9442c2d/build_script_build-3954bfbfa9442c2d.build_script_build.fa25430e9c0eff50-cgu.1.rcgu.o has a corrupt section with a size (30) larger than the file size\u001b[0m\n\u001b[0m          /usr/bin/ld: warning: /home/thiago/Repositorio/IPPD/teste/target/debug/build/proc-macro2-3954bfbfa9442c2d/build_script_build-3954bfbfa9442c2d.build_script_build.fa25430e9c0eff50-cgu.1.rcgu.o has a corrupt section with a size (4f) larger than the file size\u001b[0m\n\u001b[0m          /usr/bin/ld: warning: /home/thiago/Repositorio/IPPD/teste/target/debug/build/proc-macro2-3954bfbfa9442c2d/build_script_build-3954bfbfa9442c2d.build_script_build.fa25430e9c0eff50-cgu.1.rcgu.o has a corrupt section with a size (30) larger than the file size\u001b[0m\n\u001b[0m          /usr/bin/ld: warning: /home/thiago/Repositorio/IPPD/teste/target/debug/build/proc-macro2-3954bfbfa9442c2d/build_script_build-3954bfbfa9442c2d.build_script_build.fa25430e9c0eff50-cgu.1.rcgu.o has a corrupt section with a size (4f) larger than the file size\u001b[0m\n\u001b[0m          /usr/bin/ld: warning: /home/thiago/Repositorio/IPPD/teste/target/debug/build/proc-macro2-3954bfbfa9442c2d/build_script_build-3954bfbfa9442c2d.build_script_build.fa25430e9c0eff50-cgu.1.rcgu.o has a corrupt section with a size (30) larger than the file size\u001b[0m\n\u001b[0m          /usr/bin/ld: warning: /home/thiago/Repositorio/IPPD/teste/target/debug/build/proc-macro2-3954bfbfa9442c2d/build_script_build-3954bfbfa9442c2d.build_script_build.fa25430e9c0eff50-cgu.1.rcgu.o has a corrupt section with a size (11) larger than the file size\u001b[0m\n\u001b[0m          /usr/bin/ld: warning: /home/thiago/Repositorio/IPPD/teste/target/debug/build/proc-macro2-3954bfbfa9442c2d/build_script_build-3954bfbfa9442c2d.build_script_build.fa25430e9c0eff50-cgu.1.rcgu.o has a corrupt section with a size (43) larger than the file size\u001b[0m\n\u001b[0m          /usr/bin/ld: warning: /home/thiago/Repositorio/IPPD/teste/target/debug/build/proc-macro2-3954bfbfa9442c2d/build_script_build-3954bfbfa9442c2d.build_script_build.fa25430e9c0eff50-cgu.1.rcgu.o has a corrupt section with a size (f) larger than the file size\u001b[0m\n\u001b[0m          /usr/bin/ld: warning: /home/thiago/Repositorio/IPPD/teste/target/debug/build/proc-macro2-3954bfbfa9442c2d/build_script_build-3954bfbfa9442c2d.build_script_build.fa25430e9c0eff50-cgu.1.rcgu.o has a corrupt section with a size (30) larger than the file size\u001b[0m\n\u001b[0m          /usr/bin/ld: warning: /home/thiago/Repositorio/IPPD/teste/target/debug/build/proc-macro2-3954bfbfa9442c2d/build_script_build-3954bfbfa9442c2d.build_script_build.fa25430e9c0eff50-cgu.1.rcgu.o has a corrupt section with a size (38) larger than the file size\u001b[0m\n\u001b[0m          /usr/bin/ld: warning: /home/thiago/Repositorio/IPPD/teste/target/debug/build/proc-macro2-3954bfbfa9442c2d/build_script_build-3954bfbfa9442c2d.build_script_build.fa25430e9c0eff50-cgu.1.rcgu.o has a corrupt section with a size (3c) larger than the file size\u001b[0m\n\u001b[0m          /usr/bin/ld: warning: /home/thiago/Repositorio/IPPD/teste/target/debug/build/proc-macro2-3954bfbfa9442c2d/build_script_build-3954bfbfa9442c2d.build_script_build.fa25430e9c0eff50-cgu.1.rcgu.o has a corrupt section with a size (30) larger than the file size\u001b[0m\n\u001b[0m          /usr/bin/ld: warning: /home/thiago/Repositorio/IPPD/teste/target/debug/build/proc-macro2-3954bfbfa9442c2d/build_script_build-3954bfbfa9442c2d.build_script_build.fa25430e9c0eff50-cgu.1.rcgu.o has a corrupt section with a size (8f) larger than the file size\u001b[0m\n\u001b[0m          /usr/bin/ld: warning: /home/thiago/Repositorio/IPPD/teste/target/debug/build/proc-macro2-3954bfbfa9442c2d/build_script_build-3954bfbfa9442c2d.build_script_build.fa25430e9c0eff50-cgu.1.rcgu.o has a corrupt section with a size (78) larger than the file size\u001b[0m\n\u001b[0m          /usr/bin/ld: warning: /home/thiago/Repositorio/IPPD/teste/target/debug/build/proc-macro2-3954bfbfa9442c2d/build_script_build-3954bfbfa9442c2d.build_script_build.fa25430e9c0eff50-cgu.1.rcgu.o has a corrupt section with a size (1c) larger than the file size\u001b[0m\n\u001b[0m          /usr/bin/ld: warning: /home/thiago/Repositorio/IPPD/teste/target/debug/build/proc-macro2-3954bfbfa9442c2d/build_script_build-3954bfbfa9442c2d.build_script_build.fa25430e9c0eff50-cgu.1.rcgu.o has a corrupt section with a size (43) larger than the file size\u001b[0m\n\u001b[0m          /usr/bin/ld: warning: /home/thiago/Repositorio/IPPD/teste/target/debug/build/proc-macro2-3954bfbfa9442c2d/build_script_build-3954bfbfa9442c2d.build_script_build.fa25430e9c0eff50-cgu.1.rcgu.o has a corrupt section with a size (10) larger than the file size\u001b[0m\n\u001b[0m          /usr/bin/ld: warning: /home/thiago/Repositorio/IPPD/teste/target/debug/build/proc-macro2-3954bfbfa9442c2d/build_script_build-3954bfbfa9442c2d.build_script_build.fa25430e9c0eff50-cgu.1.rcgu.o has a corrupt section with a size (8) larger than the file size\u001b[0m\n\u001b[0m          /usr/bin/ld: warning: /home/thiago/Repositorio/IPPD/teste/target/debug/build/proc-macro2-3954bfbfa9442c2d/build_script_build-3954bfbfa9442c2d.build_script_build.fa25430e9c0eff50-cgu.1.rcgu.o has a corrupt section with a size (4a) larger than the file size\u001b[0m\n\u001b[0m          /usr/bin/ld: warning: /home/thiago/Repositorio/IPPD/teste/target/debug/build/proc-macro2-3954bfbfa9442c2d/build_script_build-3954bfbfa9442c2d.build_script_build.fa25430e9c0eff50-cgu.1.rcgu.o has a corrupt section with a size (18) larger than the file size\u001b[0m\n\u001b[0m          /usr/bin/ld: warning: /home/thiago/Repositorio/IPPD/teste/target/debug/build/proc-macro2-3954bfbfa9442c2d/build_script_build-3954bfbfa9442c2d.build_script_build.fa25430e9c0eff50-cgu.1.rcgu.o has a corrupt section with a size (18) larger than the file size\u001b[0m\n\u001b[0m          /usr/bin/ld: warning: /home/thiago/Repositorio/IPPD/teste/target/debug/build/proc-macro2-3954bfbfa9442c2d/build_script_build-3954bfbfa9442c2d.build_script_build.fa25430e9c0eff50-cgu.1.rcgu.o has a corrupt section with a size (5d) larger than the file size\u001b[0m\n\u001b[0m          /usr/bin/ld: warning: /home/thiago/Repositorio/IPPD/teste/target/debug/build/proc-macro2-3954bfbfa9442c2d/build_script_build-3954bfbfa9442c2d.build_script_build.fa25430e9c0eff50-cgu.1.rcgu.o has a corrupt section with a size (66) larger than the file size\u001b[0m\n\u001b[0m          /usr/bin/ld: warning: /home/thiago/Repositorio/IPPD/teste/target/debug/build/proc-macro2-3954bfbfa9442c2d/build_script_build-3954bfbfa9442c2d.build_script_build.fa25430e9c0eff50-cgu.1.rcgu.o has a corrupt section with a size (50) larger than the file size\u001b[0m\n\u001b[0m          /usr/bin/ld: warning: /home/thiago/Repositorio/IPPD/teste/target/debug/build/proc-macro2-3954bfbfa9442c2d/build_script_build-3954bfbfa9442c2d.build_script_build.fa25430e9c0eff50-cgu.1.rcgu.o has a corrupt section with a size (18) larger than the file size\u001b[0m\n\u001b[0m          /usr/bin/ld: warning: /home/thiago/Repositorio/IPPD/teste/target/debug/build/proc-macro2-3954bfbfa9442c2d/build_script_build-3954bfbfa9442c2d.build_script_build.fa25430e9c0eff50-cgu.1.rcgu.o has a corrupt section with a size (18) larger than the file size\u001b[0m\n\u001b[0m          /usr/bin/ld: warning: /home/thiago/Repositorio/IPPD/teste/target/debug/build/proc-macro2-3954bfbfa9442c2d/build_script_build-3954bfbfa9442c2d.build_script_build.fa25430e9c0eff50-cgu.1.rcgu.o has a corrupt section with a size (12) larger than the file size\u001b[0m\n\u001b[0m          /usr/bin/ld: warning: /home/thiago/Repositorio/IPPD/teste/target/debug/build/proc-macro2-3954bfbfa9442c2d/build_script_build-3954bfbfa9442c2d.build_script_build.fa25430e9c0eff50-cgu.1.rcgu.o has a corrupt section with a size (13) larger than the file size\u001b[0m\n\u001b[0m          /usr/bin/ld: warning: /home/thiago/Repositorio/IPPD/teste/target/debug/build/proc-macro2-3954bfbfa9442c2d/build_script_build-3954bfbfa9442c2d.build_script_build.fa25430e9c0eff50-cgu.1.rcgu.o has a corrupt section with a size (15) larger than the file size\u001b[0m\n\u001b[0m          /usr/bin/ld: /home/thiago/Repositorio/IPPD/teste/target/debug/build/proc-macro2-3954bfbfa9442c2d/build_script_build-3954bfbfa9442c2d.build_script_build.fa25430e9c0eff50-cgu.0.rcgu.o: in function `std::rt::lang_start::{{closure}}':\u001b[0m\n\u001b[0m          build_script_build.fa25430e9c0eff50-cgu.0:(.text._ZN3std2rt10lang_start28_$u7b$$u7b$closure$u7d$$u7d$17hf49acd90e2decb58E+0x5): undefined reference to `std::sys_common::backtrace::__rust_begin_short_backtrace'\u001b[0m\n\u001b[0m          /usr/bin/ld: build_script_build.fa25430e9c0eff50-cgu.0:(.text._ZN3std2rt10lang_start28_$u7b$$u7b$closure$u7d$$u7d$17hf49acd90e2decb58E+0xa): undefined reference to `<() as std::process::Termination>::report'\u001b[0m\n\u001b[0m          /usr/bin/ld: /home/thiago/Repositorio/IPPD/teste/target/debug/build/proc-macro2-3954bfbfa9442c2d/build_script_build-3954bfbfa9442c2d.build_script_build.fa25430e9c0eff50-cgu.0.rcgu.o: in function `std::env::var':\u001b[0m\n\u001b[0m          build_script_build.fa25430e9c0eff50-cgu.0:(.text._ZN3std3env3var17h86587dff3896a134E+0x1e): undefined reference to `<&T as core::convert::AsRef<U>>::as_ref'\u001b[0m\n\u001b[0m          /usr/bin/ld: /home/thiago/Repositorio/IPPD/teste/target/debug/build/proc-macro2-3954bfbfa9442c2d/build_script_build-3954bfbfa9442c2d.build_script_build.fa25430e9c0eff50-cgu.0.rcgu.o: in function `std::env::var_os':\u001b[0m\n\u001b[0m          build_script_build.fa25430e9c0eff50-cgu.0:(.text._ZN3std3env6var_os17h5b152d36245b823dE+0x1e): undefined reference to `<&T as core::convert::AsRef<U>>::as_ref'\u001b[0m\n\u001b[0m          /usr/bin/ld: /home/thiago/Repositorio/IPPD/teste/target/debug/build/proc-macro2-3954bfbfa9442c2d/build_script_build-3954bfbfa9442c2d.build_script_build.fa25430e9c0eff50-cgu.0.rcgu.o: in function `core::str::traits::<impl core::slice::index::SliceIndex<str> for core::ops::range::Range<usize>>::get_unchecked':\u001b[0m\n\u001b[0m          build_script_build.fa25430e9c0eff50-cgu.0:(.text._ZN4core3str6traits108_$LT$impl$u20$core..slice..index..SliceIndex$LT$str$GT$$u20$for$u20$core..ops..range..Range$LT$usize$GT$$GT$13get_unchecked17he6124ffd12b6c94aE+0x3c): undefined reference to `core::str::traits::<impl core::slice::index::SliceIndex<str> for core::ops::range::Range<usize>>::get_unchecked::precondition_check'\u001b[0m\n\u001b[0m          /usr/bin/ld: /home/thiago/Repositorio/IPPD/teste/target/debug/build/proc-macro2-3954bfbfa9442c2d/build_script_build-3954bfbfa9442c2d.build_script_build.fa25430e9c0eff50-cgu.0.rcgu.o: in function `core::slice::raw::from_raw_parts::precondition_check':\u001b[0m\n\u001b[0m          build_script_build.fa25430e9c0eff50-cgu.0:(.text._ZN4core5slice3raw14from_raw_parts18precondition_check17h0198853b46cdaf75E+0x1c): undefined reference to `core::ub_checks::is_aligned_and_not_null'\u001b[0m\n\u001b[0m          /usr/bin/ld: /home/thiago/Repositorio/IPPD/teste/target/debug/build/proc-macro2-3954bfbfa9442c2d/build_script_build-3954bfbfa9442c2d.build_script_build.fa25430e9c0eff50-cgu.0.rcgu.o: in function `<char as core::str::pattern::Pattern>::into_searcher':\u001b[0m\n\u001b[0m          build_script_build.fa25430e9c0eff50-cgu.0:(.text._ZN52_$LT$char$u20$as$u20$core..str..pattern..Pattern$GT$13into_searcher17h8da3eb6a2db59ee5E+0x3c): undefined reference to `core::char::methods::encode_utf8_raw'\u001b[0m\n\u001b[0m          /usr/bin/ld: build_script_build.fa25430e9c0eff50-cgu.0:(.text._ZN52_$LT$char$u20$as$u20$core..str..pattern..Pattern$GT$13into_searcher17h8da3eb6a2db59ee5E+0x97): undefined reference to `core::result::Result<T,E>::expect'\u001b[0m\n\u001b[0m          /usr/bin/ld: /home/thiago/Repositorio/IPPD/teste/target/debug/build/proc-macro2-3954bfbfa9442c2d/build_script_build-3954bfbfa9442c2d.build_script_build.fa25430e9c0eff50-cgu.0.rcgu.o: in function `build_script_build::main':\u001b[0m\n\u001b[0m          build_script_build.fa25430e9c0eff50-cgu.0:(.text._ZN18build_script_build4main17h331658229ec1557cE+0x1e): undefined reference to `core::option::Option<T>::unwrap_or'\u001b[0m\n\u001b[0m          /usr/bin/ld: build_script_build.fa25430e9c0eff50-cgu.0:(.text._ZN18build_script_build4main17h331658229ec1557cE+0x4f): undefined reference to `core::option::Option<T>::is_some'\u001b[0m\n\u001b[0m          /usr/bin/ld: build_script_build.fa25430e9c0eff50-cgu.0:(.text._ZN18build_script_build4main17h331658229ec1557cE+0x259): undefined reference to `core::ptr::drop_in_place<core::option::Option<std::ffi::os_str::OsString>>'\u001b[0m\n\u001b[0m          /usr/bin/ld: build_script_build.fa25430e9c0eff50-cgu.0:(.text._ZN18build_script_build4main17h331658229ec1557cE+0x281): undefined reference to `core::ptr::drop_in_place<core::option::Option<std::ffi::os_str::OsString>>'\u001b[0m\n\u001b[0m          /usr/bin/ld: build_script_build.fa25430e9c0eff50-cgu.0:(.text._ZN18build_script_build4main17h331658229ec1557cE+0x4a0): undefined reference to `core::ptr::drop_in_place<std::ffi::os_str::OsString>'\u001b[0m\n\u001b[0m          /usr/bin/ld: build_script_build.fa25430e9c0eff50-cgu.0:(.text._ZN18build_script_build4main17h331658229ec1557cE+0x515): undefined reference to `core::ptr::drop_in_place<std::ffi::os_str::OsString>'\u001b[0m\n\u001b[0m          /usr/bin/ld: build_script_build.fa25430e9c0eff50-cgu.0:(.text._ZN18build_script_build4main17h331658229ec1557cE+0x571): undefined reference to `core::ptr::drop_in_place<std::ffi::os_str::OsString>'\u001b[0m\n\u001b[0m          /usr/bin/ld: /home/thiago/Repositorio/IPPD/teste/target/debug/build/proc-macro2-3954bfbfa9442c2d/build_script_build-3954bfbfa9442c2d.build_script_build.fa25430e9c0eff50-cgu.0.rcgu.o: in function `build_script_build::compile_probe':\u001b[0m\n\u001b[0m          build_script_build.fa25430e9c0eff50-cgu.0:(.text._ZN18build_script_build13compile_probe17hdba3998c978e368cE+0x8b): undefined reference to `core::option::Option<T>::is_some'\u001b[0m\n\u001b[0m          /usr/bin/ld: build_script_build.fa25430e9c0eff50-cgu.0:(.text._ZN18build_script_build13compile_probe17hdba3998c978e368cE+0xa1): undefined reference to `core::ptr::drop_in_place<core::option::Option<std::ffi::os_str::OsString>>'\u001b[0m\n\u001b[0m          /usr/bin/ld: build_script_build.fa25430e9c0eff50-cgu.0:(.text._ZN18build_script_build13compile_probe17hdba3998c978e368cE+0xd6): undefined reference to `core::ptr::drop_in_place<core::option::Option<std::ffi::os_str::OsString>>'\u001b[0m\n\u001b[0m          /usr/bin/ld: build_script_build.fa25430e9c0eff50-cgu.0:(.text._ZN18build_script_build13compile_probe17hdba3998c978e368cE+0x11f): undefined reference to `core::ptr::drop_in_place<core::option::Option<std::ffi::os_str::OsString>>'\u001b[0m\n\u001b[0m          /usr/bin/ld: build_script_build.fa25430e9c0eff50-cgu.0:(.text._ZN18build_script_build13compile_probe17hdba3998c978e368cE+0x16e): undefined reference to `std::path::Path::new'\u001b[0m\n\u001b[0m          /usr/bin/ld: build_script_build.fa25430e9c0eff50-cgu.0:(.text._ZN18build_script_build13compile_probe17hdba3998c978e368cE+0x1d0): undefined reference to `std::path::Path::join'\u001b[0m\n\u001b[0m          /usr/bin/ld: build_script_build.fa25430e9c0eff50-cgu.0:(.text._ZN18build_script_build13compile_probe17hdba3998c978e368cE+0x233): undefined reference to `core::option::Option<T>::filter'\u001b[0m\n\u001b[0m          /usr/bin/ld: build_script_build.fa25430e9c0eff50-cgu.0:(.text._ZN18build_script_build13compile_probe17hdba3998c978e368cE+0x293): undefined reference to `core::option::Option<T>::filter'\u001b[0m\n\u001b[0m          /usr/bin/ld: build_script_build.fa25430e9c0eff50-cgu.0:(.text._ZN18build_script_build13compile_probe17hdba3998c978e368cE+0x2da): undefined reference to `<core::option::Option<T> as core::iter::traits::collect::IntoIterator>::into_iter'\u001b[0m\n\u001b[0m          /usr/bin/ld: build_script_build.fa25430e9c0eff50-cgu.0:(.text._ZN18build_script_build13compile_probe17hdba3998c978e368cE+0x34a): undefined reference to `core::iter::traits::iterator::Iterator::chain'\u001b[0m\n\u001b[0m          /usr/bin/ld: build_script_build.fa25430e9c0eff50-cgu.0:(.text._ZN18build_script_build13compile_probe17hdba3998c978e368cE+0x391): undefined reference to `core::iter::sources::once::once'\u001b[0m\n\u001b[0m          /usr/bin/ld: build_script_build.fa25430e9c0eff50-cgu.0:(.text._ZN18build_script_build13compile_probe17hdba3998c978e368cE+0x3e1): undefined reference to `core::iter::traits::iterator::Iterator::chain'\u001b[0m\n\u001b[0m          /usr/bin/ld: build_script_build.fa25430e9c0eff50-cgu.0:(.text._ZN18build_script_build13compile_probe17hdba3998c978e368cE+0x408): undefined reference to `<core::iter::adapters::chain::Chain<A,B> as core::iter::traits::iterator::Iterator>::next'\u001b[0m\n\u001b[0m          /usr/bin/ld: build_script_build.fa25430e9c0eff50-cgu.0:(.text._ZN18build_script_build13compile_probe17hdba3998c978e368cE+0x4a7): undefined reference to `std::process::Command::new'\u001b[0m\n\u001b[0m          /usr/bin/ld: build_script_build.fa25430e9c0eff50-cgu.0:(.text._ZN18build_script_build13compile_probe17hdba3998c978e368cE+0x516): undefined reference to `std::process::Command::args'\u001b[0m\n\u001b[0m          /usr/bin/ld: build_script_build.fa25430e9c0eff50-cgu.0:(.text._ZN18build_script_build13compile_probe17hdba3998c978e368cE+0x525): undefined reference to `core::ptr::drop_in_place<std::process::Command>'\u001b[0m\n\u001b[0m          /usr/bin/ld: build_script_build.fa25430e9c0eff50-cgu.0:(.text._ZN18build_script_build13compile_probe17hdba3998c978e368cE+0x566): undefined reference to `std::process::Command::env_remove'\u001b[0m\n\u001b[0m          /usr/bin/ld: build_script_build.fa25430e9c0eff50-cgu.0:(.text._ZN18build_script_build13compile_probe17hdba3998c978e368cE+0x56d): undefined reference to `std::process::Stdio::null'\u001b[0m\n\u001b[0m          /usr/bin/ld: build_script_build.fa25430e9c0eff50-cgu.0:(.text._ZN18build_script_build13compile_probe17hdba3998c978e368cE+0x59a): undefined reference to `std::process::Command::stderr'\u001b[0m\n\u001b[0m          /usr/bin/ld: build_script_build.fa25430e9c0eff50-cgu.0:(.text._ZN18build_script_build13compile_probe17hdba3998c978e368cE+0x5b7): undefined reference to `std::process::Command::arg'\u001b[0m\n\u001b[0m          /usr/bin/ld: build_script_build.fa25430e9c0eff50-cgu.0:(.text._ZN18build_script_build13compile_probe17hdba3998c978e368cE+0x5d4): undefined reference to `std::process::Command::arg'\u001b[0m\n\u001b[0m          /usr/bin/ld: build_script_build.fa25430e9c0eff50-cgu.0:(.text._ZN18build_script_build13compile_probe17hdba3998c978e368cE+0x5f1): undefined reference to `std::process::Command::arg'\u001b[0m\n\u001b[0m          /usr/bin/ld: build_script_build.fa25430e9c0eff50-cgu.0:(.text._ZN18build_script_build13compile_probe17hdba3998c978e368cE+0x60e): undefined reference to `std::process::Command::arg'\u001b[0m\n\u001b[0m          /usr/bin/ld: build_script_build.fa25430e9c0eff50-cgu.0:(.text._ZN18build_script_build13compile_probe17hdba3998c978e368cE+0x62b): undefined reference to `std::process::Command::arg'\u001b[0m\n\u001b[0m          /usr/bin/ld: /home/thiago/Repositorio/IPPD/teste/target/debug/build/proc-macro2-3954bfbfa9442c2d/build_script_build-3954bfbfa9442c2d.build_script_build.fa25430e9c0eff50-cgu.0.rcgu.o:build_script_build.fa25430e9c0eff50-cgu.0:(.text._ZN18build_script_build13compile_probe17hdba3998c978e368cE+0x648): more undefined references to `std::process::Command::arg' follow\u001b[0m\n\u001b[0m          /usr/bin/ld: /home/thiago/Repositorio/IPPD/teste/target/debug/build/proc-macro2-3954bfbfa9442c2d/build_script_build-3954bfbfa9442c2d.build_script_build.fa25430e9c0eff50-cgu.0.rcgu.o: in function `build_script_build::compile_probe':\u001b[0m\n\u001b[0m          build_script_build.fa25430e9c0eff50-cgu.0:(.text._ZN18build_script_build13compile_probe17hdba3998c978e368cE+0x689): undefined reference to `std::process::Command::arg'\u001b[0m\n\u001b[0m          /usr/bin/ld: build_script_build.fa25430e9c0eff50-cgu.0:(.text._ZN18build_script_build13compile_probe17hdba3998c978e368cE+0x6ca): undefined reference to `std::process::Command::arg'\u001b[0m\n\u001b[0m          /usr/bin/ld: build_script_build.fa25430e9c0eff50-cgu.0:(.text._ZN18build_script_build13compile_probe17hdba3998c978e368cE+0x75b): undefined reference to `std::process::Command::arg'\u001b[0m\n\u001b[0m          /usr/bin/ld: build_script_build.fa25430e9c0eff50-cgu.0:(.text._ZN18build_script_build13compile_probe17hdba3998c978e368cE+0x7ed): undefined reference to `std::process::Command::arg'\u001b[0m\n\u001b[0m          /usr/bin/ld: build_script_build.fa25430e9c0eff50-cgu.0:(.text._ZN18build_script_build13compile_probe17hdba3998c978e368cE+0x809): undefined reference to `core::ptr::drop_in_place<std::ffi::os_str::OsString>'\u001b[0m\n\u001b[0m          /usr/bin/ld: build_script_build.fa25430e9c0eff50-cgu.0:(.text._ZN18build_script_build13compile_probe17hdba3998c978e368cE+0x851): undefined reference to `core::ptr::drop_in_place<std::ffi::os_str::OsString>'\u001b[0m\n\u001b[0m          /usr/bin/ld: build_script_build.fa25430e9c0eff50-cgu.0:(.text._ZN18build_script_build13compile_probe17hdba3998c978e368cE+0x8c2): undefined reference to `core::ptr::drop_in_place<alloc::string::String>'\u001b[0m\n\u001b[0m          /usr/bin/ld: build_script_build.fa25430e9c0eff50-cgu.0:(.text._ZN18build_script_build13compile_probe17hdba3998c978e368cE+0x90d): undefined reference to `core::ptr::drop_in_place<alloc::string::String>'\u001b[0m\n\u001b[0m          /usr/bin/ld: build_script_build.fa25430e9c0eff50-cgu.0:(.text._ZN18build_script_build13compile_probe17hdba3998c978e368cE+0x9cf): undefined reference to `std::process::Command::arg'\u001b[0m\n\u001b[0m          /usr/bin/ld: build_script_build.fa25430e9c0eff50-cgu.0:(.text._ZN18build_script_build13compile_probe17hdba3998c978e368cE+0xa07): undefined reference to `core::ptr::drop_in_place<core::result::Result<alloc::string::String,std::env::VarError>>'\u001b[0m\n\u001b[0m          /usr/bin/ld: build_script_build.fa25430e9c0eff50-cgu.0:(.text._ZN18build_script_build13compile_probe17hdba3998c978e368cE+0xa25): undefined reference to `core::ptr::drop_in_place<core::result::Result<alloc::string::String,std::env::VarError>>'\u001b[0m\n\u001b[0m          /usr/bin/ld: build_script_build.fa25430e9c0eff50-cgu.0:(.text._ZN18build_script_build13compile_probe17hdba3998c978e368cE+0xa57): undefined reference to `core::ptr::drop_in_place<alloc::string::String>'\u001b[0m\n\u001b[0m          /usr/bin/ld: build_script_build.fa25430e9c0eff50-cgu.0:(.text._ZN18build_script_build13compile_probe17hdba3998c978e368cE+0xa81): undefined reference to `std::process::ExitStatus::success'\u001b[0m\n\u001b[0m          /usr/bin/ld: build_script_build.fa25430e9c0eff50-cgu.0:(.text._ZN18build_script_build13compile_probe17hdba3998c978e368cE+0xa9e): undefined reference to `core::ptr::drop_in_place<std::process::Command>'\u001b[0m\n\u001b[0m          /usr/bin/ld: build_script_build.fa25430e9c0eff50-cgu.0:(.text._ZN18build_script_build13compile_probe17hdba3998c978e368cE+0xad0): undefined reference to `core::ptr::drop_in_place<std::process::Command>'\u001b[0m\n\u001b[0m          /usr/bin/ld: build_script_build.fa25430e9c0eff50-cgu.0:(.text._ZN18build_script_build13compile_probe17hdba3998c978e368cE+0xadf): undefined reference to `core::ptr::drop_in_place<core::result::Result<std::process::ExitStatus,std::io::error::Error>>'\u001b[0m\n\u001b[0m          /usr/bin/ld: build_script_build.fa25430e9c0eff50-cgu.0:(.text._ZN18build_script_build13compile_probe17hdba3998c978e368cE+0xb34): undefined reference to `core::ptr::drop_in_place<core::result::Result<std::process::ExitStatus,std::io::error::Error>>'\u001b[0m\n\u001b[0m          /usr/bin/ld: build_script_build.fa25430e9c0eff50-cgu.0:(.text._ZN18build_script_build13compile_probe17hdba3998c978e368cE+0xb62): undefined reference to `core::ptr::drop_in_place<core::iter::adapters::chain::Chain<core::iter::adapters::chain::Chain<core::option::IntoIter<std::ffi::os_str::OsString>,core::option::IntoIter<std::ffi::os_str::OsString>>,core::iter::sources::once::Once<std::ffi::os_str::OsString>>>'\u001b[0m\n\u001b[0m          /usr/bin/ld: build_script_build.fa25430e9c0eff50-cgu.0:(.text._ZN18build_script_build13compile_probe17hdba3998c978e368cE+0xb74): undefined reference to `core::ptr::drop_in_place<core::iter::adapters::chain::Chain<core::option::IntoIter<std::ffi::os_str::OsString>,core::option::IntoIter<std::ffi::os_str::OsString>>>'\u001b[0m\n\u001b[0m          /usr/bin/ld: build_script_build.fa25430e9c0eff50-cgu.0:(.text._ZN18build_script_build13compile_probe17hdba3998c978e368cE+0xb86): undefined reference to `core::ptr::drop_in_place<core::option::Option<std::ffi::os_str::OsString>>'\u001b[0m\n\u001b[0m          /usr/bin/ld: build_script_build.fa25430e9c0eff50-cgu.0:(.text._ZN18build_script_build13compile_probe17hdba3998c978e368cE+0xb98): undefined reference to `core::ptr::drop_in_place<core::option::Option<std::ffi::os_str::OsString>>'\u001b[0m\n\u001b[0m          /usr/bin/ld: build_script_build.fa25430e9c0eff50-cgu.0:(.text._ZN18build_script_build13compile_probe17hdba3998c978e368cE+0xbaa): undefined reference to `core::ptr::drop_in_place<std::path::PathBuf>'\u001b[0m\n\u001b[0m          /usr/bin/ld: build_script_build.fa25430e9c0eff50-cgu.0:(.text._ZN18build_script_build13compile_probe17hdba3998c978e368cE+0xbbc): undefined reference to `core::ptr::drop_in_place<std::ffi::os_str::OsString>'\u001b[0m\n\u001b[0m          /usr/bin/ld: build_script_build.fa25430e9c0eff50-cgu.0:(.text._ZN18build_script_build13compile_probe17hdba3998c978e368cE+0xbce): undefined reference to `core::ptr::drop_in_place<std::ffi::os_str::OsString>'\u001b[0m\n\u001b[0m          /usr/bin/ld: /home/thiago/Repositorio/IPPD/teste/target/debug/build/proc-macro2-3954bfbfa9442c2d/build_script_build-3954bfbfa9442c2d.build_script_build.fa25430e9c0eff50-cgu.0.rcgu.o: in function `build_script_build::rustc_minor_version':\u001b[0m\n\u001b[0m          build_script_build.fa25430e9c0eff50-cgu.0:(.text._ZN18build_script_build19rustc_minor_version17h8d443abe0583575aE+0x41): undefined reference to `std::process::Command::new'\u001b[0m\n\u001b[0m          /usr/bin/ld: build_script_build.fa25430e9c0eff50-cgu.0:(.text._ZN18build_script_build19rustc_minor_version17h8d443abe0583575aE+0x5a): undefined reference to `std::process::Command::arg'\u001b[0m\n\u001b[0m          /usr/bin/ld: build_script_build.fa25430e9c0eff50-cgu.0:(.text._ZN18build_script_build19rustc_minor_version17h8d443abe0583575aE+0x71): undefined reference to `core::ptr::drop_in_place<std::process::Command>'\u001b[0m\n\u001b[0m          /usr/bin/ld: build_script_build.fa25430e9c0eff50-cgu.0:(.text._ZN18build_script_build19rustc_minor_version17h8d443abe0583575aE+0xbc): undefined reference to `core::result::Result<T,E>::ok'\u001b[0m\n\u001b[0m          /usr/bin/ld: build_script_build.fa25430e9c0eff50-cgu.0:(.text._ZN18build_script_build19rustc_minor_version17h8d443abe0583575aE+0xd3): undefined reference to `<core::option::Option<T> as core::ops::try_trait::Try>::branch'\u001b[0m\n\u001b[0m          /usr/bin/ld: build_script_build.fa25430e9c0eff50-cgu.0:(.text._ZN18build_script_build19rustc_minor_version17h8d443abe0583575aE+0x189): undefined reference to `core::ptr::drop_in_place<std::process::Command>'\u001b[0m\n\u001b[0m          /usr/bin/ld: build_script_build.fa25430e9c0eff50-cgu.0:(.text._ZN18build_script_build19rustc_minor_version17h8d443abe0583575aE+0x190): undefined reference to `<core::option::Option<T> as core::ops::try_trait::FromResidual>::from_residual'\u001b[0m\n\u001b[0m          /usr/bin/ld: build_script_build.fa25430e9c0eff50-cgu.0:(.text._ZN18build_script_build19rustc_minor_version17h8d443abe0583575aE+0x1b0): undefined reference to `core::ptr::drop_in_place<std::process::Output>'\u001b[0m\n\u001b[0m          /usr/bin/ld: build_script_build.fa25430e9c0eff50-cgu.0:(.text._ZN18build_script_build19rustc_minor_version17h8d443abe0583575aE+0x21a): undefined reference to `core::result::Result<T,E>::ok'\u001b[0m\n\u001b[0m          /usr/bin/ld: build_script_build.fa25430e9c0eff50-cgu.0:(.text._ZN18build_script_build19rustc_minor_version17h8d443abe0583575aE+0x235): undefined reference to `<core::option::Option<T> as core::ops::try_trait::Try>::branch'\u001b[0m\n\u001b[0m          /usr/bin/ld: build_script_build.fa25430e9c0eff50-cgu.0:(.text._ZN18build_script_build19rustc_minor_version17h8d443abe0583575aE+0x2a1): undefined reference to `<core::option::Option<T> as core::ops::try_trait::FromResidual>::from_residual'\u001b[0m\n\u001b[0m          /usr/bin/ld: build_script_build.fa25430e9c0eff50-cgu.0:(.text._ZN18build_script_build19rustc_minor_version17h8d443abe0583575aE+0x2f5): undefined reference to `core::cmp::PartialEq::ne'\u001b[0m\n\u001b[0m          /usr/bin/ld: build_script_build.fa25430e9c0eff50-cgu.0:(.text._ZN18build_script_build19rustc_minor_version17h8d443abe0583575aE+0x33d): undefined reference to `<core::option::Option<T> as core::ops::try_trait::Try>::branch'\u001b[0m\n\u001b[0m          /usr/bin/ld: build_script_build.fa25430e9c0eff50-cgu.0:(.text._ZN18build_script_build19rustc_minor_version17h8d443abe0583575aE+0x3a1): undefined reference to `<core::option::Option<T> as core::ops::try_trait::FromResidual>::from_residual'\u001b[0m\n\u001b[0m          /usr/bin/ld: build_script_build.fa25430e9c0eff50-cgu.0:(.text._ZN18build_script_build19rustc_minor_version17h8d443abe0583575aE+0x3e5): undefined reference to `core::result::Result<T,E>::ok'\u001b[0m\n\u001b[0m          /usr/bin/ld: build_script_build.fa25430e9c0eff50-cgu.0:(.text._ZN18build_script_build19rustc_minor_version17h8d443abe0583575aE+0x412): undefined reference to `core::ptr::drop_in_place<std::process::Output>'\u001b[0m\n\u001b[0m          /usr/bin/ld: build_script_build.fa25430e9c0eff50-cgu.0:(.text._ZN18build_script_build19rustc_minor_version17h8d443abe0583575aE+0x44b): undefined reference to `core::ptr::drop_in_place<std::process::Output>'\u001b[0m\n\u001b[0m          /usr/bin/ld: build_script_build.fa25430e9c0eff50-cgu.0:(.text._ZN18build_script_build19rustc_minor_version17h8d443abe0583575aE+0x45a): undefined reference to `core::ptr::drop_in_place<std::process::Output>'\u001b[0m\n\u001b[0m          /usr/bin/ld: build_script_build.fa25430e9c0eff50-cgu.0:(.text._ZN18build_script_build19rustc_minor_version17h8d443abe0583575aE+0x4b3): undefined reference to `core::ptr::drop_in_place<std::process::Command>'\u001b[0m\n\u001b[0m          /usr/bin/ld: /home/thiago/Repositorio/IPPD/teste/target/debug/build/proc-macro2-3954bfbfa9442c2d/build_script_build-3954bfbfa9442c2d.build_script_build.fa25430e9c0eff50-cgu.0.rcgu.o: in function `build_script_build::cargo_env_var':\u001b[0m\n\u001b[0m          build_script_build.fa25430e9c0eff50-cgu.0:(.text._ZN18build_script_build13cargo_env_var17hb003559b8fcb8e5bE+0x4d): undefined reference to `core::option::Option<T>::unwrap_or_else'\u001b[0m\n\u001b[0m          /usr/bin/ld: /home/thiago/Repositorio/IPPD/teste/target/debug/build/proc-macro2-3954bfbfa9442c2d/build_script_build-3954bfbfa9442c2d.build_script_build.fa25430e9c0eff50-cgu.0.rcgu.o:(.data.rel.ro..L__unnamed_6+0x0): undefined reference to `core::ptr::drop_in_place<std::rt::lang_start<()>::{{closure}}>'\u001b[0m\n\u001b[0m          /usr/bin/ld: /home/thiago/Repositorio/IPPD/teste/target/debug/build/proc-macro2-3954bfbfa9442c2d/build_script_build-3954bfbfa9442c2d.build_script_build.fa25430e9c0eff50-cgu.0.rcgu.o:(.data.rel.ro..L__unnamed_6+0x18): undefined reference to `core::ops::function::FnOnce::call_once{{vtable-shim}}'\u001b[0m\n\u001b[0m          /usr/bin/ld: /home/thiago/Repositorio/IPPD/teste/target/debug/build/proc-macro2-3954bfbfa9442c2d/build_script_build-3954bfbfa9442c2d: hidden symbol `_ZN3std7process5Stdio4null17h6d656968333d11dbE' isn't defined\u001b[0m\n\u001b[0m          /usr/bin/ld: final link failed: bad value\u001b[0m\n\u001b[0m          collect2: error: ld returned 1 exit status\u001b[0m\n\u001b[0m          \u001b[0m\n\u001b[0m  \u001b[0m\u001b[0m\u001b[1m\u001b[38;5;12m= \u001b[0m\u001b[0m\u001b[1mnote\u001b[0m\u001b[0m: some `extern` functions couldn't be found; some native libraries may need to be installed or have their path specified\u001b[0m\n\u001b[0m  \u001b[0m\u001b[0m\u001b[1m\u001b[38;5;12m= \u001b[0m\u001b[0m\u001b[1mnote\u001b[0m\u001b[0m: use the `-l` flag to specify native libraries to link\u001b[0m\n\u001b[0m  \u001b[0m\u001b[0m\u001b[1m\u001b[38;5;12m= \u001b[0m\u001b[0m\u001b[1mnote\u001b[0m\u001b[0m: use the `cargo:rustc-link-lib` directive to specify the native libraries to link with Cargo (see https://doc.rust-lang.org/cargo/reference/build-scripts.html#rustc-link-lib)\u001b[0m\n\n"}
{"$message_type":"diagnostic","message":"aborting due to 1 previous error","code":null,"level":"error","spans":[],"children":[],"rendered":"\u001b[0m\u001b[1m\u001b[38;5;9merror\u001b[0m\u001b[0m\u001b[1m: aborting due to 1 previous error\u001b[0m\n\n"}
